-------------------------------------------------------------------------------
Test set: pl.pjatk.CarRentalApplication.CarRentalApplicationTests
-------------------------------------------------------------------------------
Tests run: 1, Failures: 0, Errors: 1, Skipped: 0, Time elapsed: 0.865 s <<< FAILURE! - in pl.pjatk.CarRentalApplication.CarRentalApplicationTests
contextLoads  Time elapsed: 0.001 s  <<< ERROR!
java.lang.IllegalStateException: Failed to load ApplicationContext
Caused by: org.springframework.beans.factory.BeanCreationException: Error creating bean with name 'carRentalApplication': Bean instantiation via constructor failed; nested exception is org.springframework.beans.BeanInstantiationException: Failed to instantiate [pl.pjatk.CarRentalApplication.CarRentalApplication$$EnhancerBySpringCGLIB$$cd765a28]: Constructor threw exception; nested exception is java.lang.UnsupportedOperationException
Caused by: org.springframework.beans.BeanInstantiationException: Failed to instantiate [pl.pjatk.CarRentalApplication.CarRentalApplication$$EnhancerBySpringCGLIB$$cd765a28]: Constructor threw exception; nested exception is java.lang.UnsupportedOperationException
Caused by: java.lang.UnsupportedOperationException

